C51 COMPILER V9.60.7.0   COM                                                               08/02/2024 22:12:00 PAGE 1   


C51 COMPILER V9.60.7.0, COMPILATION OF MODULE COM
OBJECT MODULE PLACED IN .\Objects\com.obj
COMPILER INVOKED BY: C:\Keil_v5\C51\BIN\C51.EXE com.c OPTIMIZE(8,SPEED) BROWSE DEBUG OBJECTEXTEND PRINT(.\Listings\com.l
                    -st) TABS(2) OBJECT(.\Objects\com.obj)

line level    source

   1          #include <reg51.h>
   2          
   3          // Define Port 1 pin
   4          sbit P1_0 = P1^0;
   5          sbit P1_1 = P1^1;
   6          sbit P1_2 = P1^2;
   7          
   8          void com(void) {
   9   1          unsigned char num1 = 0x55; // First number
  10   1          unsigned char num2 = 0x60; // Second number
  11   1      
  12   1          if (num1 == num2) {
  13   2              P1_0 = 1;  // Set P1.0 if numbers are equal
  14   2              P1_1 = 0;  // Clear P1.1
  15   2              P1_2 = 0;  // Clear P1.2
  16   2          } else if (num1 > num2) {
  17   2              P1_0 = 0;  // Clear P1.0
  18   2              P1_1 = 1;  // Set P1.1 if num1 is greater than num2
  19   2              P1_2 = 0;  // Clear P1.2
  20   2          } else {
  21   2              P1_0 = 0;  // Clear P1.0
  22   2              P1_1 = 0;  // Clear P1.1
  23   2              P1_2 = 1;  // Set P1.2 if num1 is less than num2
  24   2          }
  25   1      
  26   1          while (1); // Infinite loop to keep the program running
  27   1      }


MODULE INFORMATION:   STATIC OVERLAYABLE
   CODE SIZE        =     37    ----
   CONSTANT SIZE    =   ----    ----
   XDATA SIZE       =   ----    ----
   PDATA SIZE       =   ----    ----
   DATA SIZE        =   ----    ----
   IDATA SIZE       =   ----    ----
   BIT SIZE         =   ----    ----
END OF MODULE INFORMATION.


C51 COMPILATION COMPLETE.  0 WARNING(S),  0 ERROR(S)
