C51 COMPILER V9.60.7.0   MAIN                                                              08/02/2024 22:11:28 PAGE 1   


C51 COMPILER V9.60.7.0, COMPILATION OF MODULE MAIN
OBJECT MODULE PLACED IN .\Objects\main.obj
COMPILER INVOKED BY: C:\Keil_v5\C51\BIN\C51.EXE main.c OPTIMIZE(8,SPEED) BROWSE DEBUG OBJECTEXTEND PRINT(.\Listings\main
                    -.lst) TABS(2) OBJECT(.\Objects\main.obj)

line level    source

   1          #include<reg51.h>
   2          
   3          /*void main(void){
   4          
   5            unsigned char x,y,z;
   6            x=0x12;
   7            y=0x34;
   8            P0 = 0x00;
   9            z=x+y;
  10            P0=z;
  11          
  12          }*/
  13          
  14          
  15          /*void main(void) {
  16              unsigned char num1 = 0x55; // 01010101 in binary
  17              unsigned char num2 = 0x50; // 10101010 in binary
  18              unsigned char and_result, or_result, xor_result, not_result;
  19              
  20              
  21                  and_result = num1 & num2;
  22                  or_result = num1 | num2;
  23                  xor_result = num1 ^ num2;
  24                  not_result = ~num1;
  25              
  26              P0 = and_result;
  27              P1 = or_result;
  28              P2 = xor_result;
  29              P3 = not_result;
  30          }
  31            */
  32          /*sbit P1_0 = P1^0;
  33          
  34          void main(void) {
  35              unsigned char num1 = 0x55; // First number
  36              unsigned char num2 = 0x5; // Second number
  37          
  38              if (num1 == num2) {
  39                  P1_0 = 1;  // Set P1.0 if numbers are equal
  40              } else {
  41                  P1_0 = 0;  // Clear P1.0 if numbers are not equal
  42              }
  43          
  44              while (1); // Infinite loop to keep the program running
  45          }*/
  46          
  47          /*void main(void){
  48            unsigned char num1 = 0x50;
  49            unsigned char num2 = 0x54;
  50            P0=0x00;
  51            if(num1>=num2){
  52              P0=num1;
  53            }
  54            else{
C51 COMPILER V9.60.7.0   MAIN                                                              08/02/2024 22:11:28 PAGE 2   

  55              P0=num2;
  56            }
  57          }*/
  58          
  59          
  60          void main(void){
  61   1        com();
*** WARNING C206 IN LINE 61 OF main.c: 'com': missing function-prototype
  62   1      }
  63            
  64          


MODULE INFORMATION:   STATIC OVERLAYABLE
   CODE SIZE        =      3    ----
   CONSTANT SIZE    =   ----    ----
   XDATA SIZE       =   ----    ----
   PDATA SIZE       =   ----    ----
   DATA SIZE        =   ----    ----
   IDATA SIZE       =   ----    ----
   BIT SIZE         =   ----    ----
END OF MODULE INFORMATION.


C51 COMPILATION COMPLETE.  1 WARNING(S),  0 ERROR(S)
